<?xml version="1.0" encoding="UTF-8"?>
<Site BuildName="Win32-MSBuild"
	BuildStamp="20250910-1612-Experimental"
	Name="Kyles_laptop"
	Generator="ctest-3.20.21032501-MSVC_2"
	CompilerName="C:/Program Files (x86)/Microsoft Visual Studio/2019/BuildTools/VC/Tools/MSVC/14.29.30133/bin/Hostx86/x64/cl.exe"
	CompilerVersion="19.29.30159.0"
	OSName="Windows"
	Hostname="Kyles_laptop"
	OSRelease=" Professional"
	OSVersion=" (Build 26100)"
	OSPlatform="AMD64"
	Is64Bits="1"
	VendorString="AuthenticAMD"
	VendorID="Advanced Micro Devices"
	FamilyID="15"
	ModelID="4"
	ProcessorCacheSize="64"
	NumberOfLogicalCPU="16"
	NumberOfPhysicalCPU="8"
	TotalVirtualMemory="59245"
	TotalPhysicalMemory="15608"
	LogicalProcessorsPerPhysical="2"
	ProcessorClockFrequency="3193"
	>
	<Testing>
		<StartDateTime>Sep 10 10:27 Pacific Daylight Time</StartDateTime>
		<StartTestTime>1757525251</StartTestTime>
		<TestList/>
		<EndDateTime>Sep 10 10:27 Pacific Daylight Time</EndDateTime>
		<EndTestTime>1757525251</EndTestTime>
		<ElapsedMinutes>0</ElapsedMinutes>
	</Testing>
</Site>
